[2023-05-07 15:00:22] 1. Create database
Database telegram_bot created successfully
[2023-05-07 15:00:22] 2. Create tableusers
Table users created successfully
[2023-05-07 15:00:22] 3. Create tabledata
Database NOT SELECTED
Error creating table data: You have an error in your SQL syntax; check the manual that corresponds to your MySQL server version for the right syntax to use near '`date_added` datetime NOT NULL DEFAULT CURRENT_TIMESTAMP
    ) ENGINE=MyISAM DEF' at line 12
[2023-05-07 15:00:22] 4. Close connectiondata
[2023-05-07 15:00:55] 1. Create database
Database telegram_bot created successfully
[2023-05-07 15:00:55] 2. Create tableusers
Table users created successfully
[2023-05-07 15:00:55] 3. Create tabledata
Database NOT SELECTED
Table data created successfully
[2023-05-07 15:00:55] 4. Close connectiondata
[2023-05-07 15:02:21] 1. Create database
Database telegram_bot created successfully
[2023-05-07 15:02:21] 2. Create table users
Table users created successfully
[2023-05-07 15:02:21] 3. Create table data
Database NOT SELECTED
Table data created successfully
[2023-05-07 15:02:21] 4. Close connection

[2023-05-07 15:03:27] 1. Create database
Database telegram_bot created successfully
[2023-05-07 15:03:27] 2. Create table users
Table users created successfully
[2023-05-07 15:03:27] 3. Create table data
Table data created successfully
[2023-05-07 15:03:27] 4. Close connection

